0 info it worked if it ends with ok
1 verbose cli [ 'C:\\Program Files\\nodejs\\node.exe',
1 verbose cli   'C:\\Program Files\\nodejs\\node_modules\\npm\\bin\\npm-cli.js',
1 verbose cli   'run',
1 verbose cli   'deploy' ]
2 info using npm@3.10.10
3 info using node@v6.10.2
4 verbose run-script [ 'predeploy', 'deploy', 'postdeploy' ]
5 info lifecycle hot-and-cold@1.0.0~predeploy: hot-and-cold@1.0.0
6 silly lifecycle hot-and-cold@1.0.0~predeploy: no script for predeploy, continuing
7 info lifecycle hot-and-cold@1.0.0~deploy: hot-and-cold@1.0.0
8 verbose lifecycle hot-and-cold@1.0.0~deploy: unsafe-perm in lifecycle true
9 verbose lifecycle hot-and-cold@1.0.0~deploy: PATH: C:\Program Files\nodejs\node_modules\npm\bin\node-gyp-bin;C:\Users\Admin\OneDrive\Documents\Thinkful\projects\hot-and-cold\node_modules\.bin;D:\Downloads\cmder\bin;D:\Downloads\cmder\vendor\git-for-windows\cmd;D:\Downloads\cmder\vendor\conemu-maximus5\ConEmu\Scripts;D:\Downloads\cmder\vendor\conemu-maximus5;D:\Downloads\cmder\vendor\conemu-maximus5\ConEmu;C:\Ruby22\bin;C:\ProgramData\Oracle\Java\javapath;C:\Program Files (x86)\Intel\iCLS Client\;C:\Program Files\Intel\iCLS Client\;C:\Windows\system32;C:\Windows;C:\Windows\System32\Wbem;C:\Windows\System32\WindowsPowerShell\v1.0\;C:\Program Files (x86)\Intel\Intel(R) Management Engine Components\DAL;C:\Program Files\Intel\Intel(R) Management Engine Components\DAL;C:\Program Files (x86)\Intel\Intel(R) Management Engine Components\IPT;C:\Program Files\Intel\Intel(R) Management Engine Components\IPT;C:\Program Files (x86)\NVIDIA Corporation\PhysX\Common;C:\WINDOWS\system32\config\systemprofile\.dnx\bin;C:\Program Files\Microsoft DNX\Dnvm\;C:\Program Files\Microsoft SQL Server\120\Tools\Binn\;C:\Program Files\Calibre2\;C:\Program Files (x86)\Windows Kits\10\Windows Performance Toolkit\;C:\Program Files (x86)\Microsoft Emulator Manager\1.0\;C:\Program Files\Microsoft SQL Server\130\Tools\Binn\;C:\WINDOWS\system32;C:\WINDOWS;C:\WINDOWS\System32\Wbem;C:\WINDOWS\System32\WindowsPowerShell\v1.0\;C:\Program Files\jEdit;C:\Program Files\Intel\WiFi\bin\;C:\Program Files\Common Files\Intel\WirelessCommon\;C:\Heroku\bin;C:\Program Files\MongoDB\Server\3.2\bin;C:\Program Files\nodejs\;C:\Program Files (x86)\Google\google_appengine\;C:\Users\Admin\AppData\Local\Microsoft\WindowsApps;C:\Program Files\Java\jre1.8.0_111\bin;C:\Program Files\apache-maven-3.3.9\bin;C:\OpenSSL-Win64\bin;C:\Users\Admin\AppData\Local\atom\bin;C:\Program Files (x86)\Microsoft VS Code\bin;C:\Program Files\Intel\WiFi\bin\;C:\Program Files\Common Files\Intel\WirelessCommon\;C:\Heroku\bin;C:\Program Files\MongoDB\Server\3.2\bin;C:\Users\Admin\AppData\Local\Microsoft\WindowsApps;C:\Users\Admin\AppData\Roaming\npm;D:\Downloads\cmder\vendor\git-for-windows\usr\bin;D:\Downloads\cmder\vendor\git-for-windows\usr\share\vim\vim74;D:\Downloads\cmder\
10 verbose lifecycle hot-and-cold@1.0.0~deploy: CWD: C:\Users\Admin\OneDrive\Documents\Thinkful\projects\hot-and-cold
11 silly lifecycle hot-and-cold@1.0.0~deploy: Args: [ '/d /s /c',
11 silly lifecycle   'git push origin :gh-pages && git subtree push --prefix dist origin gh-pages' ]
12 silly lifecycle hot-and-cold@1.0.0~deploy: Returned: code: 1  signal: null
13 info lifecycle hot-and-cold@1.0.0~deploy: Failed to exec deploy script
14 verbose stack Error: hot-and-cold@1.0.0 deploy: `git push origin :gh-pages && git subtree push --prefix dist origin gh-pages`
14 verbose stack Exit status 1
14 verbose stack     at EventEmitter.<anonymous> (C:\Program Files\nodejs\node_modules\npm\lib\utils\lifecycle.js:255:16)
14 verbose stack     at emitTwo (events.js:106:13)
14 verbose stack     at EventEmitter.emit (events.js:191:7)
14 verbose stack     at ChildProcess.<anonymous> (C:\Program Files\nodejs\node_modules\npm\lib\utils\spawn.js:40:14)
14 verbose stack     at emitTwo (events.js:106:13)
14 verbose stack     at ChildProcess.emit (events.js:191:7)
14 verbose stack     at maybeClose (internal/child_process.js:886:16)
14 verbose stack     at Process.ChildProcess._handle.onexit (internal/child_process.js:226:5)
15 verbose pkgid hot-and-cold@1.0.0
16 verbose cwd C:\Users\Admin\OneDrive\Documents\Thinkful\projects\hot-and-cold
17 error Windows_NT 10.0.15063
18 error argv "C:\\Program Files\\nodejs\\node.exe" "C:\\Program Files\\nodejs\\node_modules\\npm\\bin\\npm-cli.js" "run" "deploy"
19 error node v6.10.2
20 error npm  v3.10.10
21 error code ELIFECYCLE
22 error hot-and-cold@1.0.0 deploy: `git push origin :gh-pages && git subtree push --prefix dist origin gh-pages`
22 error Exit status 1
23 error Failed at the hot-and-cold@1.0.0 deploy script 'git push origin :gh-pages && git subtree push --prefix dist origin gh-pages'.
23 error Make sure you have the latest version of node.js and npm installed.
23 error If you do, this is most likely a problem with the hot-and-cold package,
23 error not with npm itself.
23 error Tell the author that this fails on your system:
23 error     git push origin :gh-pages && git subtree push --prefix dist origin gh-pages
23 error You can get information on how to open an issue for this project with:
23 error     npm bugs hot-and-cold
23 error Or if that isn't available, you can get their info via:
23 error     npm owner ls hot-and-cold
23 error There is likely additional logging output above.
24 verbose exit [ 1, true ]
